2021-05-04 16:47:40: == 同步开始由 User Command
2021-05-04 16:47:40: 覆盖复制 'C:/Users/ckhoi/Documents/NetBeansProjects/KtMetaGUIDesign/src/main/java/io/github/hochikong/ktmeta/swingui/codegen/impKtmetaMainFrame.java' -> 'C:/Users/ckhoi/IdeaProjects/ktmeta/ktmeta-app/src/main/java/io/github/hochikong/ktmeta/swingui/codegen/impKtmetaMainFrame.java' (77,022)
2021-05-04 16:47:40: 覆盖复制 'C:/Users/ckhoi/Documents/NetBeansProjects/KtMetaGUIDesign/src/main/java/io/github/hochikong/ktmeta/swingui/codegen/impMetaAdvanceSearch.java' -> 'C:/Users/ckhoi/IdeaProjects/ktmeta/ktmeta-app/src/main/java/io/github/hochikong/ktmeta/swingui/codegen/impMetaAdvanceSearch.java' (24,642)
2021-05-04 16:47:40: 覆盖复制 'C:/Users/ckhoi/Documents/NetBeansProjects/KtMetaGUIDesign/src/main/java/io/github/hochikong/ktmeta/swingui/codegen/impMetaAggregateSearch.java' -> 'C:/Users/ckhoi/IdeaProjects/ktmeta/ktmeta-app/src/main/java/io/github/hochikong/ktmeta/swingui/codegen/impMetaAggregateSearch.java' (12,254)
2021-05-04 16:47:40: 覆盖复制 'C:/Users/ckhoi/Documents/NetBeansProjects/KtMetaGUIDesign/src/main/java/io/github/hochikong/ktmeta/swingui/codegen/impMetaAttrSearch.java' -> 'C:/Users/ckhoi/IdeaProjects/ktmeta/ktmeta-app/src/main/java/io/github/hochikong/ktmeta/swingui/codegen/impMetaAttrSearch.java' (12,229)
2021-05-04 16:47:40: 覆盖复制 'C:/Users/ckhoi/Documents/NetBeansProjects/KtMetaGUIDesign/src/main/java/io/github/hochikong/ktmeta/swingui/codegen/impMetaPreviewManager.java' -> 'C:/Users/ckhoi/IdeaProjects/ktmeta/ktmeta-app/src/main/java/io/github/hochikong/ktmeta/swingui/codegen/impMetaPreviewManager.java' (10,386)
2021-05-04 16:47:40: 覆盖复制 'C:/Users/ckhoi/Documents/NetBeansProjects/KtMetaGUIDesign/src/main/java/io/github/hochikong/ktmeta/swingui/codegen/impPasswordSet.java' -> 'C:/Users/ckhoi/IdeaProjects/ktmeta/ktmeta-app/src/main/java/io/github/hochikong/ktmeta/swingui/codegen/impPasswordSet.java' (8,508)
2021-05-04 16:47:40: 覆盖复制 'C:/Users/ckhoi/Documents/NetBeansProjects/KtMetaGUIDesign/src/main/java/io/github/hochikong/ktmeta/swingui/dialogs/About.java' -> 'C:/Users/ckhoi/IdeaProjects/ktmeta/ktmeta-app/src/main/java/io/github/hochikong/ktmeta/swingui/dialogs/About.java' (7,008)
2021-05-04 16:47:40: 覆盖复制 'C:/Users/ckhoi/Documents/NetBeansProjects/KtMetaGUIDesign/src/main/java/io/github/hochikong/ktmeta/swingui/dialogs/AddCustomTags.form' -> 'C:/Users/ckhoi/IdeaProjects/ktmeta/ktmeta-app/src/main/java/io/github/hochikong/ktmeta/swingui/dialogs/AddCustomTags.form' (13,977)
2021-05-04 16:47:40: 覆盖复制 'C:/Users/ckhoi/Documents/NetBeansProjects/KtMetaGUIDesign/src/main/java/io/github/hochikong/ktmeta/swingui/dialogs/AddCustomTags.java' -> 'C:/Users/ckhoi/IdeaProjects/ktmeta/ktmeta-app/src/main/java/io/github/hochikong/ktmeta/swingui/dialogs/AddCustomTags.java' (12,753)
2021-05-04 16:47:40: 覆盖复制 'C:/Users/ckhoi/Documents/NetBeansProjects/KtMetaGUIDesign/src/main/java/io/github/hochikong/ktmeta/swingui/dialogs/AddDatabaseWizard.form' -> 'C:/Users/ckhoi/IdeaProjects/ktmeta/ktmeta-app/src/main/java/io/github/hochikong/ktmeta/swingui/dialogs/AddDatabaseWizard.form' (21,003)
2021-05-04 16:47:40: 覆盖复制 'C:/Users/ckhoi/Documents/NetBeansProjects/KtMetaGUIDesign/src/main/java/io/github/hochikong/ktmeta/swingui/dialogs/AddDatabaseWizard.java' -> 'C:/Users/ckhoi/IdeaProjects/ktmeta/ktmeta-app/src/main/java/io/github/hochikong/ktmeta/swingui/dialogs/AddDatabaseWizard.java' (17,717)
2021-05-04 16:47:40: 覆盖复制 'C:/Users/ckhoi/Documents/NetBeansProjects/KtMetaGUIDesign/src/main/java/io/github/hochikong/ktmeta/swingui/dialogs/AddIndexWizard.form' -> 'C:/Users/ckhoi/IdeaProjects/ktmeta/ktmeta-app/src/main/java/io/github/hochikong/ktmeta/swingui/dialogs/AddIndexWizard.form' (13,613)
2021-05-04 16:47:40: 覆盖复制 'C:/Users/ckhoi/Documents/NetBeansProjects/KtMetaGUIDesign/src/main/java/io/github/hochikong/ktmeta/swingui/dialogs/AddIndexWizard.java' -> 'C:/Users/ckhoi/IdeaProjects/ktmeta/ktmeta-app/src/main/java/io/github/hochikong/ktmeta/swingui/dialogs/AddIndexWizard.java' (12,720)
2021-05-04 16:47:40: 覆盖复制 'C:/Users/ckhoi/Documents/NetBeansProjects/KtMetaGUIDesign/src/main/java/io/github/hochikong/ktmeta/swingui/dialogs/AddMetaLibWizard.form' -> 'C:/Users/ckhoi/IdeaProjects/ktmeta/ktmeta-app/src/main/java/io/github/hochikong/ktmeta/swingui/dialogs/AddMetaLibWizard.form' (15,535)
2021-05-04 16:47:40: 覆盖复制 'C:/Users/ckhoi/Documents/NetBeansProjects/KtMetaGUIDesign/src/main/java/io/github/hochikong/ktmeta/swingui/dialogs/AddMetaLibWizard.java' -> 'C:/Users/ckhoi/IdeaProjects/ktmeta/ktmeta-app/src/main/java/io/github/hochikong/ktmeta/swingui/dialogs/AddMetaLibWizard.java' (14,564)
2021-05-04 16:47:40: 覆盖复制 'C:/Users/ckhoi/Documents/NetBeansProjects/KtMetaGUIDesign/src/main/java/io/github/hochikong/ktmeta/swingui/dialogs/codegen/impAbout.java' -> 'C:/Users/ckhoi/IdeaProjects/ktmeta/ktmeta-app/src/main/java/io/github/hochikong/ktmeta/swingui/dialogs/codegen/impAbout.java' (7,246)
2021-05-04 16:47:40: 覆盖复制 'C:/Users/ckhoi/Documents/NetBeansProjects/KtMetaGUIDesign/src/main/java/io/github/hochikong/ktmeta/swingui/dialogs/codegen/impAddCustomTags.java' -> 'C:/Users/ckhoi/IdeaProjects/ktmeta/ktmeta-app/src/main/java/io/github/hochikong/ktmeta/swingui/dialogs/codegen/impAddCustomTags.java' (13,466)
2021-05-04 16:47:40: 覆盖复制 'C:/Users/ckhoi/Documents/NetBeansProjects/KtMetaGUIDesign/src/main/java/io/github/hochikong/ktmeta/swingui/dialogs/codegen/impAddDatabaseWizard.java' -> 'C:/Users/ckhoi/IdeaProjects/ktmeta/ktmeta-app/src/main/java/io/github/hochikong/ktmeta/swingui/dialogs/codegen/impAddDatabaseWizard.java' (18,555)
2021-05-04 16:47:40: 覆盖复制 'C:/Users/ckhoi/Documents/NetBeansProjects/KtMetaGUIDesign/src/main/java/io/github/hochikong/ktmeta/swingui/dialogs/codegen/impAddIndexWizard.java' -> 'C:/Users/ckhoi/IdeaProjects/ktmeta/ktmeta-app/src/main/java/io/github/hochikong/ktmeta/swingui/dialogs/codegen/impAddIndexWizard.java' (13,325)
2021-05-04 16:47:40: 覆盖复制 'C:/Users/ckhoi/Documents/NetBeansProjects/KtMetaGUIDesign/src/main/java/io/github/hochikong/ktmeta/swingui/dialogs/codegen/impAddMetaLibWizard.java' -> 'C:/Users/ckhoi/IdeaProjects/ktmeta/ktmeta-app/src/main/java/io/github/hochikong/ktmeta/swingui/dialogs/codegen/impAddMetaLibWizard.java' (15,319)
2021-05-04 16:47:40: 覆盖复制 'C:/Users/ckhoi/Documents/NetBeansProjects/KtMetaGUIDesign/src/main/java/io/github/hochikong/ktmeta/swingui/dialogs/codegen/impImportMetaData.java' -> 'C:/Users/ckhoi/IdeaProjects/ktmeta/ktmeta-app/src/main/java/io/github/hochikong/ktmeta/swingui/dialogs/codegen/impImportMetaData.java' (9,218)
2021-05-04 16:47:40: 覆盖复制 'C:/Users/ckhoi/Documents/NetBeansProjects/KtMetaGUIDesign/src/main/java/io/github/hochikong/ktmeta/swingui/dialogs/codegen/impSetESMapping.java' -> 'C:/Users/ckhoi/IdeaProjects/ktmeta/ktmeta-app/src/main/java/io/github/hochikong/ktmeta/swingui/dialogs/codegen/impSetESMapping.java' (12,212)
2021-05-04 16:47:40: 覆盖复制 'C:/Users/ckhoi/Documents/NetBeansProjects/KtMetaGUIDesign/src/main/java/io/github/hochikong/ktmeta/swingui/dialogs/codegen/impSettings.java' -> 'C:/Users/ckhoi/IdeaProjects/ktmeta/ktmeta-app/src/main/java/io/github/hochikong/ktmeta/swingui/dialogs/codegen/impSettings.java' (35,365)
2021-05-04 16:47:40: 覆盖复制 'C:/Users/ckhoi/Documents/NetBeansProjects/KtMetaGUIDesign/src/main/java/io/github/hochikong/ktmeta/swingui/dialogs/codegen/impTaskManager.java' -> 'C:/Users/ckhoi/IdeaProjects/ktmeta/ktmeta-app/src/main/java/io/github/hochikong/ktmeta/swingui/dialogs/codegen/impTaskManager.java' (8,268)
2021-05-04 16:47:40: 覆盖复制 'C:/Users/ckhoi/Documents/NetBeansProjects/KtMetaGUIDesign/src/main/java/io/github/hochikong/ktmeta/swingui/dialogs/codegen/impTextPreviewDialog.java' -> 'C:/Users/ckhoi/IdeaProjects/ktmeta/ktmeta-app/src/main/java/io/github/hochikong/ktmeta/swingui/dialogs/codegen/impTextPreviewDialog.java' (10,454)
2021-05-04 16:47:40: 覆盖复制 'C:/Users/ckhoi/Documents/NetBeansProjects/KtMetaGUIDesign/src/main/java/io/github/hochikong/ktmeta/swingui/dialogs/ImportMetaData.form' -> 'C:/Users/ckhoi/IdeaProjects/ktmeta/ktmeta-app/src/main/java/io/github/hochikong/ktmeta/swingui/dialogs/ImportMetaData.form' (9,186)
2021-05-04 16:47:40: 覆盖复制 'C:/Users/ckhoi/Documents/NetBeansProjects/KtMetaGUIDesign/src/main/java/io/github/hochikong/ktmeta/swingui/dialogs/ImportMetaData.java' -> 'C:/Users/ckhoi/IdeaProjects/ktmeta/ktmeta-app/src/main/java/io/github/hochikong/ktmeta/swingui/dialogs/ImportMetaData.java' (8,934)
2021-05-04 16:47:40: 覆盖复制 'C:/Users/ckhoi/Documents/NetBeansProjects/KtMetaGUIDesign/src/main/java/io/github/hochikong/ktmeta/swingui/dialogs/SetESMapping.form' -> 'C:/Users/ckhoi/IdeaProjects/ktmeta/ktmeta-app/src/main/java/io/github/hochikong/ktmeta/swingui/dialogs/SetESMapping.form' (12,947)
2021-05-04 16:47:40: 覆盖复制 'C:/Users/ckhoi/Documents/NetBeansProjects/KtMetaGUIDesign/src/main/java/io/github/hochikong/ktmeta/swingui/dialogs/SetESMapping.java' -> 'C:/Users/ckhoi/IdeaProjects/ktmeta/ktmeta-app/src/main/java/io/github/hochikong/ktmeta/swingui/dialogs/SetESMapping.java' (11,679)
2021-05-04 16:47:40: 覆盖复制 'C:/Users/ckhoi/Documents/NetBeansProjects/KtMetaGUIDesign/src/main/java/io/github/hochikong/ktmeta/swingui/dialogs/Settings.form' -> 'C:/Users/ckhoi/IdeaProjects/ktmeta/ktmeta-app/src/main/java/io/github/hochikong/ktmeta/swingui/dialogs/Settings.form' (39,051)
2021-05-04 16:47:40: 覆盖复制 'C:/Users/ckhoi/Documents/NetBeansProjects/KtMetaGUIDesign/src/main/java/io/github/hochikong/ktmeta/swingui/dialogs/Settings.java' -> 'C:/Users/ckhoi/IdeaProjects/ktmeta/ktmeta-app/src/main/java/io/github/hochikong/ktmeta/swingui/dialogs/Settings.java' (34,172)
2021-05-04 16:47:40: 覆盖复制 'C:/Users/ckhoi/Documents/NetBeansProjects/KtMetaGUIDesign/src/main/java/io/github/hochikong/ktmeta/swingui/dialogs/SimpleEnlargePreview.form' -> 'C:/Users/ckhoi/IdeaProjects/ktmeta/ktmeta-app/src/main/java/io/github/hochikong/ktmeta/swingui/dialogs/SimpleEnlargePreview.form' (2,950)
2021-05-04 16:47:40: 覆盖复制 'C:/Users/ckhoi/Documents/NetBeansProjects/KtMetaGUIDesign/src/main/java/io/github/hochikong/ktmeta/swingui/dialogs/SimpleEnlargePreview.java' -> 'C:/Users/ckhoi/IdeaProjects/ktmeta/ktmeta-app/src/main/java/io/github/hochikong/ktmeta/swingui/dialogs/SimpleEnlargePreview.java' (4,561)
2021-05-04 16:47:40: 覆盖复制 'C:/Users/ckhoi/Documents/NetBeansProjects/KtMetaGUIDesign/src/main/java/io/github/hochikong/ktmeta/swingui/dialogs/TaskManager.form' -> 'C:/Users/ckhoi/IdeaProjects/ktmeta/ktmeta-app/src/main/java/io/github/hochikong/ktmeta/swingui/dialogs/TaskManager.form' (8,879)
2021-05-04 16:47:40: 覆盖复制 'C:/Users/ckhoi/Documents/NetBeansProjects/KtMetaGUIDesign/src/main/java/io/github/hochikong/ktmeta/swingui/dialogs/TaskManager.java' -> 'C:/Users/ckhoi/IdeaProjects/ktmeta/ktmeta-app/src/main/java/io/github/hochikong/ktmeta/swingui/dialogs/TaskManager.java' (8,099)
2021-05-04 16:47:40: 覆盖复制 'C:/Users/ckhoi/Documents/NetBeansProjects/KtMetaGUIDesign/src/main/java/io/github/hochikong/ktmeta/swingui/dialogs/TextPreviewDialog.form' -> 'C:/Users/ckhoi/IdeaProjects/ktmeta/ktmeta-app/src/main/java/io/github/hochikong/ktmeta/swingui/dialogs/TextPreviewDialog.form' (10,677)
2021-05-04 16:47:40: 覆盖复制 'C:/Users/ckhoi/Documents/NetBeansProjects/KtMetaGUIDesign/src/main/java/io/github/hochikong/ktmeta/swingui/dialogs/TextPreviewDialog.java' -> 'C:/Users/ckhoi/IdeaProjects/ktmeta/ktmeta-app/src/main/java/io/github/hochikong/ktmeta/swingui/dialogs/TextPreviewDialog.java' (9,990)
2021-05-04 16:47:40: 覆盖复制 'C:/Users/ckhoi/Documents/NetBeansProjects/KtMetaGUIDesign/src/main/java/io/github/hochikong/ktmeta/swingui/essentials/AggregateSearchTableModel.java' -> 'C:/Users/ckhoi/IdeaProjects/ktmeta/ktmeta-app/src/main/java/io/github/hochikong/ktmeta/swingui/essentials/AggregateSearchTableModel.java' (2,052)
2021-05-04 16:47:40: 覆盖复制 'C:/Users/ckhoi/Documents/NetBeansProjects/KtMetaGUIDesign/src/main/java/io/github/hochikong/ktmeta/swingui/essentials/codegen/impSimpleResultPanelContainer.java' -> 'C:/Users/ckhoi/IdeaProjects/ktmeta/ktmeta-app/src/main/java/io/github/hochikong/ktmeta/swingui/essentials/codegen/impSimpleResultPanelContainer.java' (16,606)
2021-05-04 16:47:40: 覆盖复制 'C:/Users/ckhoi/Documents/NetBeansProjects/KtMetaGUIDesign/src/main/java/io/github/hochikong/ktmeta/swingui/essentials/CustomTagsTableModel.java' -> 'C:/Users/ckhoi/IdeaProjects/ktmeta/ktmeta-app/src/main/java/io/github/hochikong/ktmeta/swingui/essentials/CustomTagsTableModel.java' (2,292)
2021-05-04 16:47:40: 覆盖复制 'C:/Users/ckhoi/Documents/NetBeansProjects/KtMetaGUIDesign/src/main/java/io/github/hochikong/ktmeta/swingui/essentials/FileTypeFilter.java' -> 'C:/Users/ckhoi/IdeaProjects/ktmeta/ktmeta-app/src/main/java/io/github/hochikong/ktmeta/swingui/essentials/FileTypeFilter.java' (1,330)
2021-05-04 16:47:40: 覆盖复制 'C:/Users/ckhoi/Documents/NetBeansProjects/KtMetaGUIDesign/src/main/java/io/github/hochikong/ktmeta/swingui/essentials/IconUtil.java' -> 'C:/Users/ckhoi/IdeaProjects/ktmeta/ktmeta-app/src/main/java/io/github/hochikong/ktmeta/swingui/essentials/IconUtil.java' (917)
2021-05-04 16:47:40: 覆盖复制 'C:/Users/ckhoi/Documents/NetBeansProjects/KtMetaGUIDesign/src/main/java/io/github/hochikong/ktmeta/swingui/essentials/PluginsTableModel.java' -> 'C:/Users/ckhoi/IdeaProjects/ktmeta/ktmeta-app/src/main/java/io/github/hochikong/ktmeta/swingui/essentials/PluginsTableModel.java' (2,111)
2021-05-04 16:47:40: 覆盖复制 'C:/Users/ckhoi/Documents/NetBeansProjects/KtMetaGUIDesign/src/main/java/io/github/hochikong/ktmeta/swingui/essentials/SimpleResultPanelContainer.form' -> 'C:/Users/ckhoi/IdeaProjects/ktmeta/ktmeta-app/src/main/java/io/github/hochikong/ktmeta/swingui/essentials/SimpleResultPanelContainer.form' (17,892)
2021-05-04 16:47:40: 覆盖复制 'C:/Users/ckhoi/Documents/NetBeansProjects/KtMetaGUIDesign/src/main/java/io/github/hochikong/ktmeta/swingui/essentials/SimpleResultPanelContainer.java' -> 'C:/Users/ckhoi/IdeaProjects/ktmeta/ktmeta-app/src/main/java/io/github/hochikong/ktmeta/swingui/essentials/SimpleResultPanelContainer.java' (15,821)
2021-05-04 16:47:40: 覆盖复制 'C:/Users/ckhoi/Documents/NetBeansProjects/KtMetaGUIDesign/src/main/java/io/github/hochikong/ktmeta/swingui/essentials/TasksTableModel.java' -> 'C:/Users/ckhoi/IdeaProjects/ktmeta/ktmeta-app/src/main/java/io/github/hochikong/ktmeta/swingui/essentials/TasksTableModel.java' (2,106)
2021-05-04 16:47:40: 覆盖复制 'C:/Users/ckhoi/Documents/NetBeansProjects/KtMetaGUIDesign/src/main/java/io/github/hochikong/ktmeta/swingui/essentials/VerticalTabComp.java' -> 'C:/Users/ckhoi/IdeaProjects/ktmeta/ktmeta-app/src/main/java/io/github/hochikong/ktmeta/swingui/essentials/VerticalTabComp.java' (2,977)
2021-05-04 16:47:40: 覆盖复制 'C:/Users/ckhoi/Documents/NetBeansProjects/KtMetaGUIDesign/src/main/java/io/github/hochikong/ktmeta/swingui/KtmetaMainFrame.form' -> 'C:/Users/ckhoi/IdeaProjects/ktmeta/ktmeta-app/src/main/java/io/github/hochikong/ktmeta/swingui/KtmetaMainFrame.form' (121,564)
2021-05-04 16:47:40: 覆盖复制 'C:/Users/ckhoi/Documents/NetBeansProjects/KtMetaGUIDesign/src/main/java/io/github/hochikong/ktmeta/swingui/KtmetaMainFrame.java' -> 'C:/Users/ckhoi/IdeaProjects/ktmeta/ktmeta-app/src/main/java/io/github/hochikong/ktmeta/swingui/KtmetaMainFrame.java' (72,318)
2021-05-04 16:47:40: 覆盖复制 'C:/Users/ckhoi/Documents/NetBeansProjects/KtMetaGUIDesign/src/main/java/io/github/hochikong/ktmeta/swingui/KtmetaMainFrameDesign.form' -> 'C:/Users/ckhoi/IdeaProjects/ktmeta/ktmeta-app/src/main/java/io/github/hochikong/ktmeta/swingui/KtmetaMainFrameDesign.form' (95,000)
2021-05-04 16:47:40: 覆盖复制 'C:/Users/ckhoi/Documents/NetBeansProjects/KtMetaGUIDesign/src/main/java/io/github/hochikong/ktmeta/swingui/KtmetaMainFrameDesign.java' -> 'C:/Users/ckhoi/IdeaProjects/ktmeta/ktmeta-app/src/main/java/io/github/hochikong/ktmeta/swingui/KtmetaMainFrameDesign.java' (52,310)
2021-05-04 16:47:40: 覆盖复制 'C:/Users/ckhoi/Documents/NetBeansProjects/KtMetaGUIDesign/src/main/java/io/github/hochikong/ktmeta/swingui/LaunchView.form' -> 'C:/Users/ckhoi/IdeaProjects/ktmeta/ktmeta-app/src/main/java/io/github/hochikong/ktmeta/swingui/LaunchView.form' (5,264)
2021-05-04 16:47:40: 覆盖复制 'C:/Users/ckhoi/Documents/NetBeansProjects/KtMetaGUIDesign/src/main/java/io/github/hochikong/ktmeta/swingui/LaunchView.java' -> 'C:/Users/ckhoi/IdeaProjects/ktmeta/ktmeta-app/src/main/java/io/github/hochikong/ktmeta/swingui/LaunchView.java' (5,481)
2021-05-04 16:47:40: 覆盖复制 'C:/Users/ckhoi/Documents/NetBeansProjects/KtMetaGUIDesign/src/main/java/io/github/hochikong/ktmeta/swingui/MetaAdvanceSearch.form' -> 'C:/Users/ckhoi/IdeaProjects/ktmeta/ktmeta-app/src/main/java/io/github/hochikong/ktmeta/swingui/MetaAdvanceSearch.form' (29,632)
2021-05-04 16:47:40: 覆盖复制 'C:/Users/ckhoi/Documents/NetBeansProjects/KtMetaGUIDesign/src/main/java/io/github/hochikong/ktmeta/swingui/MetaAdvanceSearch.java' -> 'C:/Users/ckhoi/IdeaProjects/ktmeta/ktmeta-app/src/main/java/io/github/hochikong/ktmeta/swingui/MetaAdvanceSearch.java' (23,795)
2021-05-04 16:47:40: 覆盖复制 'C:/Users/ckhoi/Documents/NetBeansProjects/KtMetaGUIDesign/src/main/java/io/github/hochikong/ktmeta/swingui/MetaAttrSearch.form' -> 'C:/Users/ckhoi/IdeaProjects/ktmeta/ktmeta-app/src/main/java/io/github/hochikong/ktmeta/swingui/MetaAttrSearch.form' (14,959)
2021-05-04 16:47:40: 覆盖复制 'C:/Users/ckhoi/Documents/NetBeansProjects/KtMetaGUIDesign/src/main/java/io/github/hochikong/ktmeta/swingui/MetaAttrSearch.java' -> 'C:/Users/ckhoi/IdeaProjects/ktmeta/ktmeta-app/src/main/java/io/github/hochikong/ktmeta/swingui/MetaAttrSearch.java' (11,803)
2021-05-04 16:47:40: 覆盖复制 'C:/Users/ckhoi/Documents/NetBeansProjects/KtMetaGUIDesign/src/main/java/io/github/hochikong/ktmeta/swingui/MetaPreviewManager.form' -> 'C:/Users/ckhoi/IdeaProjects/ktmeta/ktmeta-app/src/main/java/io/github/hochikong/ktmeta/swingui/MetaPreviewManager.form' (10,458)
2021-05-04 16:47:40: 覆盖复制 'C:/Users/ckhoi/Documents/NetBeansProjects/KtMetaGUIDesign/src/main/java/io/github/hochikong/ktmeta/swingui/MetaPreviewManager.java' -> 'C:/Users/ckhoi/IdeaProjects/ktmeta/ktmeta-app/src/main/java/io/github/hochikong/ktmeta/swingui/MetaPreviewManager.java' (9,898)
2021-05-04 16:47:40: 覆盖复制 'C:/Users/ckhoi/Documents/NetBeansProjects/KtMetaGUIDesign/src/main/java/io/github/hochikong/ktmeta/swingui/PasswordSet.form' -> 'C:/Users/ckhoi/IdeaProjects/ktmeta/ktmeta-app/src/main/java/io/github/hochikong/ktmeta/swingui/PasswordSet.form' (9,548)
2021-05-04 16:47:40: 覆盖复制 'C:/Users/ckhoi/Documents/NetBeansProjects/KtMetaGUIDesign/src/main/java/io/github/hochikong/ktmeta/swingui/PasswordSet.java' -> 'C:/Users/ckhoi/IdeaProjects/ktmeta/ktmeta-app/src/main/java/io/github/hochikong/ktmeta/swingui/PasswordSet.java' (8,243)
2021-05-04 16:47:40: == 同步完成. 历时: 00:00:00, 速度: 0.00/s, 完成: 72, 错误: 0
